This is pdfTeX, Version 3.14159265-2.6-1.40.20 (MiKTeX 2.9.7140 64-bit) (preloaded format=pdflatex 2019.8.16)  24 AUG 2019 19:47
entering extended mode
**./16-32011-2.tex
(16-32011-2.tex
LaTeX2e <2018-12-01>
(F:\MikTex\tex/latex/base\article.cls
Document Class: article 2018/09/03 v1.4i Standard LaTeX document class
(F:\MikTex\tex/latex/base\size10.clo
File: size10.clo 2018/09/03 v1.4i Standard LaTeX file (size option)
)
\c@part=\count80
\c@section=\count81
\c@subsection=\count82
\c@subsubsection=\count83
\c@paragraph=\count84
\c@subparagraph=\count85
\c@figure=\count86
\c@table=\count87
\abovecaptionskip=\skip41
\belowcaptionskip=\skip42
\bibindent=\dimen102
) (16-32011-2.aux)
\openout1 = `16-32011-2.aux'.

LaTeX Font Info:    Checking defaults for OML/cmm/m/it on input line 3.
LaTeX Font Info:    ... okay on input line 3.
LaTeX Font Info:    Checking defaults for T1/cmr/m/n on input line 3.
LaTeX Font Info:    ... okay on input line 3.
LaTeX Font Info:    Checking defaults for OT1/cmr/m/n on input line 3.
LaTeX Font Info:    ... okay on input line 3.
LaTeX Font Info:    Checking defaults for OMS/cmsy/m/n on input line 3.
LaTeX Font Info:    ... okay on input line 3.
LaTeX Font Info:    Checking defaults for OMX/cmex/m/n on input line 3.
LaTeX Font Info:    ... okay on input line 3.
LaTeX Font Info:    Checking defaults for U/cmr/m/n on input line 3.
LaTeX Font Info:    ... okay on input line 3.
LaTeX Font Info:    External font `cmex10' loaded for size
(Font)              <12> on input line 10.
LaTeX Font Info:    External font `cmex10' loaded for size
(Font)              <8> on input line 10.
LaTeX Font Info:    External font `cmex10' loaded for size
(Font)              <6> on input line 10.
 (16-32011-2.toc
LaTeX Font Info:    External font `cmex10' loaded for size
(Font)              <7> on input line 4.
LaTeX Font Info:    External font `cmex10' loaded for size
(Font)              <5> on input line 4.
)
\tf@toc=\write3
\openout3 = `16-32011-2.toc'.


[1

{C:/Users/User/AppData/Local/MiKTeX/2.9/pdftex/config/pdftex.map}] [2]
Overfull \hbox (78.49968pt too wide) in paragraph at lines 51--53
\OT1/cmr/m/n/10 For these study pur-pose,I chose Dhalesh-wari River,Meghna Rive
r Treemo-hini[23.572409,90.568663] 
 []

[3]
Underfull \hbox (badness 10000) in paragraph at lines 54--70

 []

(16-32011-2.bbl [4]) [5] (16-32011-2.aux) ) 
Here is how much of TeX's memory you used:
 254 strings out of 492895
 3083 string characters out of 3141866
 66667 words of memory out of 3000000
 4236 multiletter control sequences out of 15000+200000
 8848 words of font info for 31 fonts, out of 3000000 for 9000
 1141 hyphenation exceptions out of 8191
 23i,6n,18p,1434b,201s stack positions out of 5000i,500n,10000p,200000b,50000s
<F:/MikTex/fonts/type1/public/amsfon
ts/cm/cmbx10.pfb><F:/MikTex/fonts/type1/public/amsfonts/cm/cmbx12.pfb><F:/MikTe
x/fonts/type1/public/amsfonts/cm/cmbx9.pfb><F:/MikTex/fonts/type1/public/amsfon
ts/cm/cmr10.pfb><F:/MikTex/fonts/type1/public/amsfonts/cm/cmr12.pfb><F:/MikTex/
fonts/type1/public/amsfonts/cm/cmr17.pfb><F:/MikTex/fonts/type1/public/amsfonts
/cm/cmr9.pfb><F:/MikTex/fonts/type1/public/amsfonts/cm/cmti10.pfb>
Output written on 16-32011-2.pdf (5 pages, 139303 bytes).
PDF statistics:
 50 PDF objects out of 1000 (max. 8388607)
 0 named destinations out of 1000 (max. 500000)
 1 words of extra memory for PDF output out of 10000 (max. 10000000)

